{"/home/matias/Documentos/Cursos/React/02-first-steps/src/FirstStepsApp.tsx": {"path":"/home/matias/Documentos/Cursos/React/02-first-steps/src/FirstStepsApp.tsx","all":false,"statementMap":{"0":{"start":{"line":1,"column":0},"end":{"line":1,"column":58}},"7":{"start":{"line":8,"column":0},"end":{"line":8,"column":35}},"8":{"start":{"line":9,"column":0},"end":{"line":9,"column":53}},"9":{"start":{"line":10,"column":0},"end":{"line":10,"column":54}},"10":{"start":{"line":11,"column":0},"end":{"line":11,"column":52}},"11":{"start":{"line":12,"column":0},"end":{"line":12,"column":50}},"12":{"start":{"line":13,"column":0},"end":{"line":13,"column":1}},"15":{"start":{"line":16,"column":0},"end":{"line":16,"column":33}},"16":{"start":{"line":17,"column":0},"end":{"line":17,"column":10}},"17":{"start":{"line":18,"column":0},"end":{"line":18,"column":6}},"18":{"start":{"line":19,"column":0},"end":{"line":19,"column":33}},"21":{"start":{"line":22,"column":0},"end":{"line":22,"column":56}},"22":{"start":{"line":23,"column":0},"end":{"line":23,"column":82}},"31":{"start":{"line":32,"column":0},"end":{"line":32,"column":1}}},"s":{"0":1,"7":1,"8":1,"9":1,"10":1,"11":1,"12":1,"15":1,"16":3,"17":3,"18":3,"21":3,"22":3,"31":3},"branchMap":{"0":{"type":"branch","line":16,"loc":{"start":{"line":16,"column":7},"end":{"line":32,"column":1}},"locations":[{"start":{"line":16,"column":7},"end":{"line":32,"column":1}}]}},"b":{"0":[3]},"fnMap":{"0":{"name":"FirstStepsApp","decl":{"start":{"line":16,"column":7},"end":{"line":32,"column":1}},"loc":{"start":{"line":16,"column":7},"end":{"line":32,"column":1}},"line":16}},"f":{"0":3}}
,"/home/matias/Documentos/Cursos/React/02-first-steps/src/MyAwesomeApp.tsx": {"path":"/home/matias/Documentos/Cursos/React/02-first-steps/src/MyAwesomeApp.tsx","all":false,"statementMap":{"2":{"start":{"line":3,"column":0},"end":{"line":3,"column":27}},"3":{"start":{"line":4,"column":0},"end":{"line":4,"column":26}},"5":{"start":{"line":6,"column":0},"end":{"line":6,"column":75}},"6":{"start":{"line":7,"column":0},"end":{"line":7,"column":23}},"7":{"start":{"line":8,"column":0},"end":{"line":8,"column":17}},"8":{"start":{"line":9,"column":0},"end":{"line":9,"column":23}},"9":{"start":{"line":10,"column":0},"end":{"line":10,"column":16}},"10":{"start":{"line":11,"column":0},"end":{"line":11,"column":2}},"12":{"start":{"line":13,"column":0},"end":{"line":13,"column":33}},"13":{"start":{"line":14,"column":0},"end":{"line":14,"column":26}},"14":{"start":{"line":15,"column":0},"end":{"line":15,"column":19}},"15":{"start":{"line":16,"column":0},"end":{"line":16,"column":14}},"16":{"start":{"line":17,"column":0},"end":{"line":17,"column":16}},"17":{"start":{"line":18,"column":0},"end":{"line":18,"column":1}},"19":{"start":{"line":20,"column":0},"end":{"line":20,"column":32}},"21":{"start":{"line":22,"column":0},"end":{"line":22,"column":10}},"22":{"start":{"line":23,"column":0},"end":{"line":23,"column":31}},"23":{"start":{"line":24,"column":0},"end":{"line":24,"column":57}},"24":{"start":{"line":25,"column":0},"end":{"line":25,"column":25}},"26":{"start":{"line":27,"column":0},"end":{"line":27,"column":69}},"27":{"start":{"line":28,"column":0},"end":{"line":28,"column":50}},"28":{"start":{"line":29,"column":0},"end":{"line":29,"column":8}},"29":{"start":{"line":30,"column":0},"end":{"line":30,"column":24}},"31":{"start":{"line":32,"column":0},"end":{"line":32,"column":33}},"35":{"start":{"line":36,"column":0},"end":{"line":36,"column":2}}},"s":{"2":1,"3":1,"5":1,"6":1,"7":1,"8":1,"9":1,"10":1,"12":1,"13":1,"14":1,"15":1,"16":1,"17":1,"19":1,"21":4,"22":4,"23":4,"24":4,"26":4,"27":4,"28":4,"29":4,"31":4,"35":4},"branchMap":{"0":{"type":"branch","line":20,"loc":{"start":{"line":20,"column":7},"end":{"line":36,"column":2}},"locations":[{"start":{"line":20,"column":7},"end":{"line":36,"column":2}}]},"1":{"type":"branch","line":28,"loc":{"start":{"line":28,"column":11},"end":{"line":28,"column":33}},"locations":[{"start":{"line":28,"column":11},"end":{"line":28,"column":33}}]}},"b":{"0":[4],"1":[0]},"fnMap":{"0":{"name":"MyAwesomeApp","decl":{"start":{"line":20,"column":7},"end":{"line":36,"column":2}},"loc":{"start":{"line":20,"column":7},"end":{"line":36,"column":2}},"line":20}},"f":{"0":4}}
,"/home/matias/Documentos/Cursos/React/02-first-steps/src/main.tsx": {"path":"/home/matias/Documentos/Cursos/React/02-first-steps/src/main.tsx","all":true,"statementMap":{"0":{"start":{"line":1,"column":0},"end":{"line":1,"column":35}},"1":{"start":{"line":2,"column":0},"end":{"line":2,"column":46}},"2":{"start":{"line":3,"column":0},"end":{"line":3,"column":48}},"3":{"start":{"line":4,"column":0},"end":{"line":4,"column":49}},"5":{"start":{"line":6,"column":0},"end":{"line":6,"column":52}},"6":{"start":{"line":7,"column":0},"end":{"line":7,"column":14}},"7":{"start":{"line":8,"column":0},"end":{"line":8,"column":21}}},"s":{"0":0,"1":0,"2":0,"3":0,"5":0,"6":0,"7":0},"branchMap":{"0":{"type":"branch","line":1,"loc":{"start":{"line":1,"column":320},"end":{"line":11,"column":1}},"locations":[{"start":{"line":1,"column":320},"end":{"line":11,"column":1}}]}},"b":{"0":[0]},"fnMap":{"0":{"name":"(empty-report)","decl":{"start":{"line":1,"column":320},"end":{"line":11,"column":1}},"loc":{"start":{"line":1,"column":320},"end":{"line":11,"column":1}},"line":1}},"f":{"0":0}}
,"/home/matias/Documentos/Cursos/React/02-first-steps/src/hepers/math.helper.ts": {"path":"/home/matias/Documentos/Cursos/React/02-first-steps/src/hepers/math.helper.ts","all":false,"statementMap":{"1":{"start":{"line":2,"column":0},"end":{"line":2,"column":46}},"2":{"start":{"line":3,"column":0},"end":{"line":3,"column":15}},"3":{"start":{"line":4,"column":0},"end":{"line":4,"column":1}},"5":{"start":{"line":6,"column":0},"end":{"line":6,"column":51}},"6":{"start":{"line":7,"column":0},"end":{"line":7,"column":15}},"7":{"start":{"line":8,"column":0},"end":{"line":8,"column":1}},"9":{"start":{"line":10,"column":0},"end":{"line":10,"column":51}},"10":{"start":{"line":11,"column":0},"end":{"line":11,"column":15}},"11":{"start":{"line":12,"column":0},"end":{"line":12,"column":1}},"13":{"start":{"line":14,"column":0},"end":{"line":14,"column":49}},"14":{"start":{"line":15,"column":0},"end":{"line":15,"column":15}},"15":{"start":{"line":16,"column":0},"end":{"line":16,"column":1}}},"s":{"1":1,"2":2,"3":2,"5":1,"6":2,"7":2,"9":1,"10":2,"11":2,"13":1,"14":1,"15":1},"branchMap":{"0":{"type":"branch","line":2,"loc":{"start":{"line":2,"column":19},"end":{"line":4,"column":1}},"locations":[{"start":{"line":2,"column":19},"end":{"line":4,"column":1}}]},"1":{"type":"branch","line":6,"loc":{"start":{"line":6,"column":24},"end":{"line":8,"column":1}},"locations":[{"start":{"line":6,"column":24},"end":{"line":8,"column":1}}]},"2":{"type":"branch","line":10,"loc":{"start":{"line":10,"column":24},"end":{"line":12,"column":1}},"locations":[{"start":{"line":10,"column":24},"end":{"line":12,"column":1}}]},"3":{"type":"branch","line":14,"loc":{"start":{"line":14,"column":22},"end":{"line":16,"column":1}},"locations":[{"start":{"line":14,"column":22},"end":{"line":16,"column":1}}]}},"b":{"0":[2],"1":[2],"2":[2],"3":[1]},"fnMap":{"0":{"name":"add","decl":{"start":{"line":2,"column":19},"end":{"line":4,"column":1}},"loc":{"start":{"line":2,"column":19},"end":{"line":4,"column":1}},"line":2},"1":{"name":"subtract","decl":{"start":{"line":6,"column":24},"end":{"line":8,"column":1}},"loc":{"start":{"line":6,"column":24},"end":{"line":8,"column":1}},"line":6},"2":{"name":"multiply","decl":{"start":{"line":10,"column":24},"end":{"line":12,"column":1}},"loc":{"start":{"line":10,"column":24},"end":{"line":12,"column":1}},"line":10},"3":{"name":"divide","decl":{"start":{"line":14,"column":22},"end":{"line":16,"column":1}},"loc":{"start":{"line":14,"column":22},"end":{"line":16,"column":1}},"line":14}},"f":{"0":2,"1":2,"2":2,"3":1}}
,"/home/matias/Documentos/Cursos/React/02-first-steps/src/shopping-cart/ItemCounter.tsx": {"path":"/home/matias/Documentos/Cursos/React/02-first-steps/src/shopping-cart/ItemCounter.tsx","all":false,"statementMap":{"0":{"start":{"line":1,"column":0},"end":{"line":1,"column":33}},"2":{"start":{"line":3,"column":0},"end":{"line":3,"column":30}},"3":{"start":{"line":4,"column":0},"end":{"line":4,"column":46}},"10":{"start":{"line":11,"column":0},"end":{"line":11,"column":63}},"12":{"start":{"line":13,"column":0},"end":{"line":13,"column":47}},"14":{"start":{"line":15,"column":0},"end":{"line":15,"column":27}},"15":{"start":{"line":16,"column":0},"end":{"line":16,"column":24}},"16":{"start":{"line":17,"column":0},"end":{"line":17,"column":3}},"18":{"start":{"line":19,"column":0},"end":{"line":19,"column":32}},"19":{"start":{"line":20,"column":0},"end":{"line":20,"column":28}},"20":{"start":{"line":21,"column":0},"end":{"line":21,"column":24}},"21":{"start":{"line":22,"column":0},"end":{"line":22,"column":3}},"23":{"start":{"line":24,"column":0},"end":{"line":24,"column":10}},"24":{"start":{"line":25,"column":0},"end":{"line":25,"column":39}},"32":{"start":{"line":33,"column":0},"end":{"line":33,"column":11}},"33":{"start":{"line":34,"column":0},"end":{"line":34,"column":39}},"34":{"start":{"line":35,"column":0},"end":{"line":35,"column":16}},"35":{"start":{"line":36,"column":0},"end":{"line":36,"column":47}},"36":{"start":{"line":37,"column":0},"end":{"line":37,"column":10}},"38":{"start":{"line":39,"column":0},"end":{"line":39,"column":14}},"40":{"start":{"line":41,"column":0},"end":{"line":41,"column":50}},"41":{"start":{"line":42,"column":0},"end":{"line":42,"column":26}},"42":{"start":{"line":43,"column":0},"end":{"line":43,"column":45}},"45":{"start":{"line":46,"column":0},"end":{"line":46,"column":2}}},"s":{"0":1,"2":1,"3":1,"10":1,"12":9,"14":9,"15":1,"16":1,"18":9,"19":2,"20":1,"21":1,"23":9,"24":9,"32":9,"33":9,"34":9,"35":9,"36":9,"38":9,"40":9,"41":9,"42":9,"45":9},"branchMap":{"0":{"type":"branch","line":11,"loc":{"start":{"line":11,"column":27},"end":{"line":46,"column":2}},"locations":[{"start":{"line":11,"column":27},"end":{"line":46,"column":2}}]},"1":{"type":"branch","line":36,"loc":{"start":{"line":36,"column":27},"end":{"line":36,"column":39}},"locations":[{"start":{"line":36,"column":27},"end":{"line":36,"column":39}}]},"2":{"type":"branch","line":36,"loc":{"start":{"line":36,"column":31},"end":{"line":36,"column":47}},"locations":[{"start":{"line":36,"column":31},"end":{"line":36,"column":47}}]},"3":{"type":"branch","line":15,"loc":{"start":{"line":15,"column":20},"end":{"line":17,"column":3}},"locations":[{"start":{"line":15,"column":20},"end":{"line":17,"column":3}}]},"4":{"type":"branch","line":19,"loc":{"start":{"line":19,"column":25},"end":{"line":22,"column":3}},"locations":[{"start":{"line":19,"column":25},"end":{"line":22,"column":3}}]},"5":{"type":"branch","line":20,"loc":{"start":{"line":20,"column":21},"end":{"line":22,"column":3}},"locations":[{"start":{"line":20,"column":21},"end":{"line":22,"column":3}}]}},"b":{"0":[9],"1":[4],"2":[5],"3":[1],"4":[2],"5":[1]},"fnMap":{"0":{"name":"ItemCounter","decl":{"start":{"line":11,"column":27},"end":{"line":46,"column":2}},"loc":{"start":{"line":11,"column":27},"end":{"line":46,"column":2}},"line":11},"1":{"name":"handleAdd","decl":{"start":{"line":15,"column":20},"end":{"line":17,"column":3}},"loc":{"start":{"line":15,"column":20},"end":{"line":17,"column":3}},"line":15},"2":{"name":"handleSubtract","decl":{"start":{"line":19,"column":25},"end":{"line":22,"column":3}},"loc":{"start":{"line":19,"column":25},"end":{"line":22,"column":3}},"line":19}},"f":{"0":9,"1":1,"2":2}}
}
